Error[113]   C:\USERS\ROMAN\DOCUMENTS\PICTEST\INSIDER\BOOTSTRAP\18FDBUG_V1R1.ASM 12 : Symbol not previously defined (WREG)
Error[152]   C:\USERS\ROMAN\DOCUMENTS\PICTEST\INSIDER\BOOTSTRAP\18FDBUG_V1R1.ASM 12 : Executable code and data must be defined in an appropriate section
Error[152]   C:\USERS\ROMAN\DOCUMENTS\PICTEST\INSIDER\BOOTSTRAP\18FDBUG_V1R1.ASM 12 : Executable code and data must be defined in an appropriate section
Error[113]   C:\USERS\ROMAN\DOCUMENTS\PICTEST\INSIDER\BOOTSTRAP\18FDBUG_V1R1.ASM 13 : Symbol not previously defined (nn)
Error[152]   C:\USERS\ROMAN\DOCUMENTS\PICTEST\INSIDER\BOOTSTRAP\18FDBUG_V1R1.ASM 13 : Executable code and data must be defined in an appropriate section
Error[151]   C:\USERS\ROMAN\DOCUMENTS\PICTEST\INSIDER\BOOTSTRAP\18FDBUG_V1R1.ASM 14 : Operand contains unresolvable labels or is too complex
Error[152]   C:\USERS\ROMAN\DOCUMENTS\PICTEST\INSIDER\BOOTSTRAP\18FDBUG_V1R1.ASM 14 : Executable code and data must be defined in an appropriate section
Error[152]   C:\USERS\ROMAN\DOCUMENTS\PICTEST\INSIDER\BOOTSTRAP\18FDBUG_V1R1.ASM 14 : Executable code and data must be defined in an appropriate section
Error[113]   C:\USERS\ROMAN\DOCUMENTS\PICTEST\INSIDER\BOOTSTRAP\18FDBUG_V1R1.ASM 46 : Symbol not previously defined (INTCON)
Error[113]   C:\USERS\ROMAN\DOCUMENTS\PICTEST\INSIDER\BOOTSTRAP\18FDBUG_V1R1.ASM 47 : Symbol not previously defined (GIE)
Error[113]   C:\USERS\ROMAN\DOCUMENTS\PICTEST\INSIDER\BOOTSTRAP\18FDBUG_V1R1.ASM 47 : Symbol not previously defined (INTCON)
Error[113]   C:\USERS\ROMAN\DOCUMENTS\PICTEST\INSIDER\BOOTSTRAP\18FDBUG_V1R1.ASM 48 : Symbol not previously defined (STATUS)
Error[113]   C:\USERS\ROMAN\DOCUMENTS\PICTEST\INSIDER\BOOTSTRAP\18FDBUG_V1R1.ASM 49 : Symbol not previously defined (FSR0L)
Error[113]   C:\USERS\ROMAN\DOCUMENTS\PICTEST\INSIDER\BOOTSTRAP\18FDBUG_V1R1.ASM 50 : Symbol not previously defined (FSR0H)
Error[113]   C:\USERS\ROMAN\DOCUMENTS\PICTEST\INSIDER\BOOTSTRAP\18FDBUG_V1R1.ASM 51 : Symbol not previously defined (FSR0L)
Error[113]   C:\USERS\ROMAN\DOCUMENTS\PICTEST\INSIDER\BOOTSTRAP\18FDBUG_V1R1.ASM 52 : Symbol not previously defined (PORTD)
Error[113]   C:\USERS\ROMAN\DOCUMENTS\PICTEST\INSIDER\BOOTSTRAP\18FDBUG_V1R1.ASM 53 : Symbol not previously defined (TRISD)
Error[113]   C:\USERS\ROMAN\DOCUMENTS\PICTEST\INSIDER\BOOTSTRAP\18FDBUG_V1R1.ASM 55 : Symbol not previously defined (FSR0H)
Error[113]   C:\USERS\ROMAN\DOCUMENTS\PICTEST\INSIDER\BOOTSTRAP\18FDBUG_V1R1.ASM 57 : Symbol not previously defined (FSR0L)
Error[113]   C:\USERS\ROMAN\DOCUMENTS\PICTEST\INSIDER\BOOTSTRAP\18FDBUG_V1R1.ASM 59 : Symbol not previously defined (FSR0L)
Error[113]   C:\USERS\ROMAN\DOCUMENTS\PICTEST\INSIDER\BOOTSTRAP\18FDBUG_V1R1.ASM 61 : Symbol not previously defined (C)
Error[113]   C:\USERS\ROMAN\DOCUMENTS\PICTEST\INSIDER\BOOTSTRAP\18FDBUG_V1R1.ASM 61 : Symbol not previously defined (STATUS)
Error[113]   C:\USERS\ROMAN\DOCUMENTS\PICTEST\INSIDER\BOOTSTRAP\18FDBUG_V1R1.ASM 68 : Symbol not previously defined (PORTD)
Error[113]   C:\USERS\ROMAN\DOCUMENTS\PICTEST\INSIDER\BOOTSTRAP\18FDBUG_V1R1.ASM 70 : Symbol not previously defined (FSR0H)
Error[113]   C:\USERS\ROMAN\DOCUMENTS\PICTEST\INSIDER\BOOTSTRAP\18FDBUG_V1R1.ASM 72 : Symbol not previously defined (TRISD)
Error[113]   C:\USERS\ROMAN\DOCUMENTS\PICTEST\INSIDER\BOOTSTRAP\18FDBUG_V1R1.ASM 74 : Symbol not previously defined (FSR0L)
Error[113]   C:\USERS\ROMAN\DOCUMENTS\PICTEST\INSIDER\BOOTSTRAP\18FDBUG_V1R1.ASM 76 : Symbol not previously defined (FSR0L)
Error[113]   C:\USERS\ROMAN\DOCUMENTS\PICTEST\INSIDER\BOOTSTRAP\18FDBUG_V1R1.ASM 78 : Symbol not previously defined (FSR0L)
Error[113]   C:\USERS\ROMAN\DOCUMENTS\PICTEST\INSIDER\BOOTSTRAP\18FDBUG_V1R1.ASM 81 : Symbol not previously defined (WREG)
Error[113]   C:\USERS\ROMAN\DOCUMENTS\PICTEST\INSIDER\BOOTSTRAP\18FDBUG_V1R1.ASM 84 : Symbol not previously defined (FSR0L)
Error[113]   C:\USERS\ROMAN\DOCUMENTS\PICTEST\INSIDER\BOOTSTRAP\18FDBUG_V1R1.ASM 88 : Symbol not previously defined (STKPTR)
Error[113]   C:\USERS\ROMAN\DOCUMENTS\PICTEST\INSIDER\BOOTSTRAP\18FDBUG_V1R1.ASM 89 : Symbol not previously defined (FSR0L)
Error[113]   C:\USERS\ROMAN\DOCUMENTS\PICTEST\INSIDER\BOOTSTRAP\18FDBUG_V1R1.ASM 90 : Symbol not previously defined (TOSU)
Error[113]   C:\USERS\ROMAN\DOCUMENTS\PICTEST\INSIDER\BOOTSTRAP\18FDBUG_V1R1.ASM 92 : Symbol not previously defined (FSR0L)
Error[113]   C:\USERS\ROMAN\DOCUMENTS\PICTEST\INSIDER\BOOTSTRAP\18FDBUG_V1R1.ASM 93 : Symbol not previously defined (TOSH)
Error[113]   C:\USERS\ROMAN\DOCUMENTS\PICTEST\INSIDER\BOOTSTRAP\18FDBUG_V1R1.ASM 95 : Symbol not previously defined (FSR0L)
Error[113]   C:\USERS\ROMAN\DOCUMENTS\PICTEST\INSIDER\BOOTSTRAP\18FDBUG_V1R1.ASM 96 : Symbol not previously defined (FSR0L)
Error[113]   C:\USERS\ROMAN\DOCUMENTS\PICTEST\INSIDER\BOOTSTRAP\18FDBUG_V1R1.ASM 97 : Symbol not previously defined (TOSL)
Error[113]   C:\USERS\ROMAN\DOCUMENTS\PICTEST\INSIDER\BOOTSTRAP\18FDBUG_V1R1.ASM 98 : Symbol not previously defined (WREG)
Error[113]   C:\USERS\ROMAN\DOCUMENTS\PICTEST\INSIDER\BOOTSTRAP\18FDBUG_V1R1.ASM 99 : Symbol not previously defined (FSR0H)
Error[113]   C:\USERS\ROMAN\DOCUMENTS\PICTEST\INSIDER\BOOTSTRAP\18FDBUG_V1R1.ASM 100 : Symbol not previously defined (FSR0L)
Error[113]   C:\USERS\ROMAN\DOCUMENTS\PICTEST\INSIDER\BOOTSTRAP\18FDBUG_V1R1.ASM 101 : Symbol not previously defined (STATUS)
Error[113]   C:\USERS\ROMAN\DOCUMENTS\PICTEST\INSIDER\BOOTSTRAP\18FDBUG_V1R1.ASM 102 : Symbol not previously defined (INTCON)
Error[113]   C:\USERS\ROMAN\DOCUMENTS\PICTEST\INSIDER\BOOTSTRAP\18FDBUG_V1R1.ASM 104 : Symbol not previously defined (FSR0L)
Error[113]   C:\USERS\ROMAN\DOCUMENTS\PICTEST\INSIDER\BOOTSTRAP\18FDBUG_V1R1.ASM 105 : Symbol not previously defined (FSR0L)
Error[113]   C:\USERS\ROMAN\DOCUMENTS\PICTEST\INSIDER\BOOTSTRAP\18FDBUG_V1R1.ASM 106 : Symbol not previously defined (FSR0L)
Error[113]   C:\USERS\ROMAN\DOCUMENTS\PICTEST\INSIDER\BOOTSTRAP\18FDBUG_V1R1.ASM 118 : Symbol not previously defined (EEADR)
Error[113]   C:\USERS\ROMAN\DOCUMENTS\PICTEST\INSIDER\BOOTSTRAP\18FDBUG_V1R1.ASM 119 : Symbol not previously defined (FSR0L)
Error[113]   C:\USERS\ROMAN\DOCUMENTS\PICTEST\INSIDER\BOOTSTRAP\18FDBUG_V1R1.ASM 119 : Symbol not previously defined (EEADR)
Error[113]   C:\USERS\ROMAN\DOCUMENTS\PICTEST\INSIDER\BOOTSTRAP\18FDBUG_V1R1.ASM 120 : Symbol not previously defined (EEDATA)
Error[113]   C:\USERS\ROMAN\DOCUMENTS\PICTEST\INSIDER\BOOTSTRAP\18FDBUG_V1R1.ASM 120 : Symbol not previously defined (FSR0L)
Error[113]   C:\USERS\ROMAN\DOCUMENTS\PICTEST\INSIDER\BOOTSTRAP\18FDBUG_V1R1.ASM 121 : Symbol not previously defined (EECON1)
Error[113]   C:\USERS\ROMAN\DOCUMENTS\PICTEST\INSIDER\BOOTSTRAP\18FDBUG_V1R1.ASM 122 : Symbol not previously defined (EECON1)
Error[113]   C:\USERS\ROMAN\DOCUMENTS\PICTEST\INSIDER\BOOTSTRAP\18FDBUG_V1R1.ASM 123 : Symbol not previously defined (EECON1)
Error[113]   C:\USERS\ROMAN\DOCUMENTS\PICTEST\INSIDER\BOOTSTRAP\18FDBUG_V1R1.ASM 124 : Symbol not previously defined (EECON1)
Error[113]   C:\USERS\ROMAN\DOCUMENTS\PICTEST\INSIDER\BOOTSTRAP\18FDBUG_V1R1.ASM 125 : Symbol not previously defined (EECON1)
Error[113]   C:\USERS\ROMAN\DOCUMENTS\PICTEST\INSIDER\BOOTSTRAP\18FDBUG_V1R1.ASM 132 : Symbol not previously defined (EEADR)
Error[113]   C:\USERS\ROMAN\DOCUMENTS\PICTEST\INSIDER\BOOTSTRAP\18FDBUG_V1R1.ASM 133 : Symbol not previously defined (EEDATA)
Error[113]   C:\USERS\ROMAN\DOCUMENTS\PICTEST\INSIDER\BOOTSTRAP\18FDBUG_V1R1.ASM 134 : Symbol not previously defined (FSR0L)
Error[113]   C:\USERS\ROMAN\DOCUMENTS\PICTEST\INSIDER\BOOTSTRAP\18FDBUG_V1R1.ASM 134 : Symbol not previously defined (EEDATA)
Error[113]   C:\USERS\ROMAN\DOCUMENTS\PICTEST\INSIDER\BOOTSTRAP\18FDBUG_V1R1.ASM 136 : Symbol not previously defined (FSR0L)
Error[113]   C:\USERS\ROMAN\DOCUMENTS\PICTEST\INSIDER\BOOTSTRAP\18FDBUG_V1R1.ASM 138 : Symbol not previously defined (FSR0L)
Error[113]   C:\USERS\ROMAN\DOCUMENTS\PICTEST\INSIDER\BOOTSTRAP\18FDBUG_V1R1.ASM 141 : Symbol not previously defined (WREG)
Error[113]   C:\USERS\ROMAN\DOCUMENTS\PICTEST\INSIDER\BOOTSTRAP\18FDBUG_V1R1.ASM 142 : Symbol not previously defined (WREG)
Error[113]   C:\USERS\ROMAN\DOCUMENTS\PICTEST\INSIDER\BOOTSTRAP\18FDBUG_V1R1.ASM 145 : Symbol not previously defined (FSR0L)
Error[113]   C:\USERS\ROMAN\DOCUMENTS\PICTEST\INSIDER\BOOTSTRAP\18FDBUG_V1R1.ASM 146 : Symbol not previously defined (WREG)
Error[113]   C:\USERS\ROMAN\DOCUMENTS\PICTEST\INSIDER\BOOTSTRAP\18FDBUG_V1R1.ASM 150 : Symbol not previously defined (STATUS)
Error[113]   C:\USERS\ROMAN\DOCUMENTS\PICTEST\INSIDER\BOOTSTRAP\18FDBUG_V1R1.ASM 150 : Symbol not previously defined (WREG)
Error[113]   C:\USERS\ROMAN\DOCUMENTS\PICTEST\INSIDER\BOOTSTRAP\18FDBUG_V1R1.ASM 154 : Symbol not previously defined (INTCON)
Error[113]   C:\USERS\ROMAN\DOCUMENTS\PICTEST\INSIDER\BOOTSTRAP\18FDBUG_V1R1.ASM 154 : Symbol not previously defined (STATUS)
Error[113]   C:\USERS\ROMAN\DOCUMENTS\PICTEST\INSIDER\BOOTSTRAP\18FDBUG_V1R1.ASM 158 : Symbol not previously defined (FSR0L)
Error[113]   C:\USERS\ROMAN\DOCUMENTS\PICTEST\INSIDER\BOOTSTRAP\18FDBUG_V1R1.ASM 158 : Symbol not previously defined (INTCON)
Error[113]   C:\USERS\ROMAN\DOCUMENTS\PICTEST\INSIDER\BOOTSTRAP\18FDBUG_V1R1.ASM 162 : Symbol not previously defined (FSR0H)
Error[113]   C:\USERS\ROMAN\DOCUMENTS\PICTEST\INSIDER\BOOTSTRAP\18FDBUG_V1R1.ASM 162 : Symbol not previously defined (FSR0L)
Error[113]   C:\USERS\ROMAN\DOCUMENTS\PICTEST\INSIDER\BOOTSTRAP\18FDBUG_V1R1.ASM 166 : Symbol not previously defined (WREG)
Error[113]   C:\USERS\ROMAN\DOCUMENTS\PICTEST\INSIDER\BOOTSTRAP\18FDBUG_V1R1.ASM 170 : Symbol not previously defined (FSR0L)
Error[113]   C:\USERS\ROMAN\DOCUMENTS\PICTEST\INSIDER\BOOTSTRAP\18FDBUG_V1R1.ASM 182 : Symbol not previously defined (FSR0L)
Error[113]   C:\USERS\ROMAN\DOCUMENTS\PICTEST\INSIDER\BOOTSTRAP\18FDBUG_V1R1.ASM 183 : Symbol not previously defined (WREG)
Error[113]   C:\USERS\ROMAN\DOCUMENTS\PICTEST\INSIDER\BOOTSTRAP\18FDBUG_V1R1.ASM 186 : Symbol not previously defined (WREG)
Error[113]   C:\USERS\ROMAN\DOCUMENTS\PICTEST\INSIDER\BOOTSTRAP\18FDBUG_V1R1.ASM 187 : Symbol not previously defined (FSR0H)
Error[113]   C:\USERS\ROMAN\DOCUMENTS\PICTEST\INSIDER\BOOTSTRAP\18FDBUG_V1R1.ASM 188 : Symbol not previously defined (WREG)
Error[113]   C:\USERS\ROMAN\DOCUMENTS\PICTEST\INSIDER\BOOTSTRAP\18FDBUG_V1R1.ASM 189 : Symbol not previously defined (WREG)
Error[113]   C:\USERS\ROMAN\DOCUMENTS\PICTEST\INSIDER\BOOTSTRAP\18FDBUG_V1R1.ASM 191 : Symbol not previously defined (FSR0L)
Error[113]   C:\USERS\ROMAN\DOCUMENTS\PICTEST\INSIDER\BOOTSTRAP\18FDBUG_V1R1.ASM 193 : Symbol not previously defined (FSR0L)
Error[113]   C:\USERS\ROMAN\DOCUMENTS\PICTEST\INSIDER\BOOTSTRAP\18FDBUG_V1R1.ASM 194 : Symbol not previously defined (FSR0L)
Error[113]   C:\USERS\ROMAN\DOCUMENTS\PICTEST\INSIDER\BOOTSTRAP\18FDBUG_V1R1.ASM 195 : Symbol not previously defined (INDF0)
Error[113]   C:\USERS\ROMAN\DOCUMENTS\PICTEST\INSIDER\BOOTSTRAP\18FDBUG_V1R1.ASM 197 : Symbol not previously defined (INDF0)
Error[113]   C:\USERS\ROMAN\DOCUMENTS\PICTEST\INSIDER\BOOTSTRAP\18FDBUG_V1R1.ASM 199 : Symbol not previously defined (FSR0L)
Error[113]   C:\USERS\ROMAN\DOCUMENTS\PICTEST\INSIDER\BOOTSTRAP\18FDBUG_V1R1.ASM 201 : Symbol not previously defined (PORTD)
Error[113]   C:\USERS\ROMAN\DOCUMENTS\PICTEST\INSIDER\BOOTSTRAP\18FDBUG_V1R1.ASM 204 : Symbol not previously defined (WREG)
Error[113]   C:\USERS\ROMAN\DOCUMENTS\PICTEST\INSIDER\BOOTSTRAP\18FDBUG_V1R1.ASM 207 : Symbol not previously defined (PORTD)
Error[113]   C:\USERS\ROMAN\DOCUMENTS\PICTEST\INSIDER\BOOTSTRAP\18FDBUG_V1R1.ASM 210 : Symbol not previously defined (FSR0L)
Error[113]   C:\USERS\ROMAN\DOCUMENTS\PICTEST\INSIDER\BOOTSTRAP\18FDBUG_V1R1.ASM 211 : Symbol not previously defined (WREG)
Error[113]   C:\USERS\ROMAN\DOCUMENTS\PICTEST\INSIDER\BOOTSTRAP\18FDBUG_V1R1.ASM 214 : Symbol not previously defined (PORTD)
Error[113]   C:\USERS\ROMAN\DOCUMENTS\PICTEST\INSIDER\BOOTSTRAP\18FDBUG_V1R1.ASM 217 : Symbol not previously defined (FSR0L)
Error[129]   C:\USERS\ROMAN\DOCUMENTS\PICTEST\INSIDER\BOOTSTRAP\18FDBUG_V1R1.ASM 222 : Expected (END)
